<?xml version="1.0" encoding="UTF-8"?>
<robot generator="Robot 5.0.1 (Python 3.9.13 on win32)" generated="20221007 14:01:46.262" rpa="false" schemaversion="3">
<suite id="s1" name="CV-MX-WEB-NA" source="C:\Users\Hitss\Desktop\ATMWEB\qc-web-mx\testCases\CV-MX-WEB-NA.robot">
<kw name="-CONFIGURACIÓN INICIAL SUITETEST-" library="libraries_keywords" type="SETUP">
<kw name="-ABRIR CHARLES-" library="libraries_keywords">
<kw name="start_charles_proxy_in_headless_mode">
<msg timestamp="20221007 14:01:46.609" level="FAIL">No keyword with name 'start_charles_proxy_in_headless_mode' found.</msg>
<status status="FAIL" starttime="20221007 14:01:46.609" endtime="20221007 14:01:46.609"/>
</kw>
<kw name="Sleep" library="BuiltIn">
<arg>3</arg>
<doc>Pauses the test executed for the given time.</doc>
<status status="NOT RUN" starttime="20221007 14:01:46.610" endtime="20221007 14:01:46.610"/>
</kw>
<status status="FAIL" starttime="20221007 14:01:46.604" endtime="20221007 14:01:46.610"/>
</kw>
<kw name="-INICIAR GRABACION CHARLES-" library="libraries_keywords">
<status status="NOT RUN" starttime="20221007 14:01:46.610" endtime="20221007 14:01:46.610"/>
</kw>
<status status="FAIL" starttime="20221007 14:01:46.604" endtime="20221007 14:01:46.611"/>
</kw>
<test id="s1-t1" name="CV-WEB-NAVEGACION-VALIDAR ELEMENTOS LANDING PAGE" line="12">
<status status="FAIL" starttime="20221007 14:01:46.611" endtime="20221007 14:01:46.612">Parent suite setup failed:
No keyword with name 'start_charles_proxy_in_headless_mode' found.</status>
</test>
<test id="s1-t2" name="CV-WEB-NAVEGACION-VALIDAR ELEMENTOS LOGIN PAGE" line="19">
<status status="FAIL" starttime="20221007 14:01:46.613" endtime="20221007 14:01:46.614">Parent suite setup failed:
No keyword with name 'start_charles_proxy_in_headless_mode' found.</status>
</test>
<kw name="-TERMINAR CONFIGURACIÓN SUITETEST-" library="libraries_keywords" type="TEARDOWN">
<kw name="-DESCARGAR SESION CHARLES-" library="libraries_keywords">
<kw name="download_charles_proxy_session_recording">
<msg timestamp="20221007 14:01:46.622" level="FAIL">No keyword with name 'download_charles_proxy_session_recording' found.</msg>
<status status="FAIL" starttime="20221007 14:01:46.622" endtime="20221007 14:01:46.622"/>
</kw>
<status status="FAIL" starttime="20221007 14:01:46.616" endtime="20221007 14:01:46.623"/>
</kw>
<kw name="-DETENER GRABACION CHARLES-" library="libraries_keywords">
<kw name="stop_charles_proxy_session_recording">
<msg timestamp="20221007 14:01:46.629" level="FAIL">No keyword with name 'stop_charles_proxy_session_recording' found.</msg>
<status status="FAIL" starttime="20221007 14:01:46.629" endtime="20221007 14:01:46.629"/>
</kw>
<status status="FAIL" starttime="20221007 14:01:46.623" endtime="20221007 14:01:46.630"/>
</kw>
<kw name="Capture Page Screenshot" library="Selenium2Library">
<doc>Takes a screenshot of the current page and embeds it into a log file.</doc>
<msg timestamp="20221007 14:01:46.630" level="INFO">Cannot capture screenshot because no browser is open.</msg>
<status status="PASS" starttime="20221007 14:01:46.630" endtime="20221007 14:01:46.630"/>
</kw>
<kw name="-CERRAR TODOS LOS NAVEGADORES-" library="libraries_keywords">
<kw name="Close All Browsers" library="Selenium2Library">
<doc>Closes all open browsers and resets the browser cache.</doc>
<status status="PASS" starttime="20221007 14:01:46.630" endtime="20221007 14:01:46.630"/>
</kw>
<status status="PASS" starttime="20221007 14:01:46.630" endtime="20221007 14:01:46.631"/>
</kw>
<kw name="-CERRAR CHARLES-" library="libraries_keywords">
<kw name="terminate_all_charles_proxy_sessions">
<msg timestamp="20221007 14:01:46.640" level="FAIL">No keyword with name 'terminate_all_charles_proxy_sessions' found.</msg>
<status status="FAIL" starttime="20221007 14:01:46.640" endtime="20221007 14:01:46.640"/>
</kw>
<status status="FAIL" starttime="20221007 14:01:46.631" endtime="20221007 14:01:46.640"/>
</kw>
<status status="FAIL" starttime="20221007 14:01:46.616" endtime="20221007 14:01:46.641">Several failures occurred:

1) No keyword with name 'download_charles_proxy_session_recording' found.

2) No keyword with name 'stop_charles_proxy_session_recording' found.

3) No keyword with name 'terminate_all_charles_proxy_sessions' found.</status>
</kw>
<doc>MÉXICO- suitetest Regression (NA)</doc>
<status status="FAIL" starttime="20221007 14:01:46.266" endtime="20221007 14:01:46.641">Suite setup failed:
No keyword with name 'start_charles_proxy_in_headless_mode' found.

Also suite teardown failed:
Several failures occurred:

1) No keyword with name 'download_charles_proxy_session_recording' found.

2) No keyword with name 'stop_charles_proxy_session_recording' found.

3) No keyword with name 'terminate_all_charles_proxy_sessions' found.</status>
</suite>
<statistics>
<total>
<stat pass="0" fail="2" skip="0">All Tests</stat>
</total>
<tag>
</tag>
<suite>
<stat pass="0" fail="2" skip="0" id="s1" name="CV-MX-WEB-NA">CV-MX-WEB-NA</stat>
</suite>
</statistics>
<errors>
<msg timestamp="20221007 14:01:46.522" level="ERROR">Error in file 'C:\Users\Hitss\Desktop\ATMWEB\qc-web-mx\resources\common_functionalities\tests_keywords.robot' on line 6: Library '..\..\resources\charles_proxy\charles_library.py' does not exist.</msg>
<msg timestamp="20221007 14:01:46.529" level="ERROR">Error in file 'C:\Users\Hitss\Desktop\ATMWEB\qc-web-mx\resources\common_functionalities\variables.robot' on line 34: Variable file 'C:UsersHitssDesktopATMWEBqc-web-mx\resources\CV-POM\loginPage\elementos_login_email.py' does not exist.</msg>
<msg timestamp="20221007 14:01:46.531" level="ERROR">Error in file 'C:\Users\Hitss\Desktop\ATMWEB\qc-web-mx\resources\common_functionalities\variables.robot' on line 35: Variable file 'C:UsersHitssDesktopATMWEBqc-web-mx\resources\CV-POM\loginPage\textos_elementos_login_email.py' does not exist.</msg>
<msg timestamp="20221007 14:01:46.533" level="ERROR">Error in file 'C:\Users\Hitss\Desktop\ATMWEB\qc-web-mx\resources\common_functionalities\variables.robot' on line 36: Variable file 'C:UsersHitssDesktopATMWEBqc-web-mx\resources\CV-POM\loginPage\elementos_login_pass.py' does not exist.</msg>
<msg timestamp="20221007 14:01:46.535" level="ERROR">Error in file 'C:\Users\Hitss\Desktop\ATMWEB\qc-web-mx\resources\common_functionalities\variables.robot' on line 37: Variable file 'C:UsersHitssDesktopATMWEBqc-web-mx\resources\CV-POM\loginPage\textos_elementos_login_pass.py' does not exist.</msg>
<msg timestamp="20221007 14:01:46.538" level="ERROR">Error in file 'C:\Users\Hitss\Desktop\ATMWEB\qc-web-mx\resources\common_functionalities\variables.robot' on line 38: Variable file 'C:UsersHitssDesktopATMWEBqc-web-mx\resources\CV-POM\anonymousLandingPage\elementos-landing-anonimo.py' does not exist.</msg>
<msg timestamp="20221007 14:01:46.540" level="ERROR">Error in file 'C:\Users\Hitss\Desktop\ATMWEB\qc-web-mx\resources\common_functionalities\variables.robot' on line 39: Variable file 'C:UsersHitssDesktopATMWEBqc-web-mx\resources\CV-POM\anonymousLandingPage\textos-landing-anonimo.py' does not exist.</msg>
<msg timestamp="20221007 14:01:46.542" level="ERROR">Error in file 'C:\Users\Hitss\Desktop\ATMWEB\qc-web-mx\resources\common_functionalities\variables.robot' on line 40: Variable file 'C:UsersHitssDesktopATMWEBqc-web-mx\resources\CV-POM\paymentPage\elements_payment_page.py' does not exist.</msg>
<msg timestamp="20221007 14:01:46.544" level="ERROR">Error in file 'C:\Users\Hitss\Desktop\ATMWEB\qc-web-mx\resources\common_functionalities\variables.robot' on line 41: Variable file 'C:UsersHitssDesktopATMWEBqc-web-mx\resources\CV-POM\paymentPage\labels_payment_page.py' does not exist.</msg>
<msg timestamp="20221007 14:01:46.546" level="ERROR">Error in file 'C:\Users\Hitss\Desktop\ATMWEB\qc-web-mx\resources\common_functionalities\variables.robot' on line 42: Variable file 'C:UsersHitssDesktopATMWEBqc-web-mx\resources\CV-POM\paymentPage\textos_promos_labels_payment_page.py' does not exist.</msg>
<msg timestamp="20221007 14:01:46.549" level="ERROR">Error in file 'C:\Users\Hitss\Desktop\ATMWEB\qc-web-mx\resources\common_functionalities\variables.robot' on line 43: Variable file 'C:UsersHitssDesktopATMWEBqc-web-mx\resources\CV-POM\paymentPage\textos_promos_payment_page.py' does not exist.</msg>
<msg timestamp="20221007 14:01:46.551" level="ERROR">Error in file 'C:\Users\Hitss\Desktop\ATMWEB\qc-web-mx\resources\common_functionalities\variables.robot' on line 44: Variable file 'C:UsersHitssDesktopATMWEBqc-web-mx\resources\CV-POM\HomePage\elementos_home_page.py' does not exist.</msg>
<msg timestamp="20221007 14:01:46.553" level="ERROR">Error in file 'C:\Users\Hitss\Desktop\ATMWEB\qc-web-mx\resources\common_functionalities\variables.robot' on line 45: Variable file 'C:UsersHitssDesktopATMWEBqc-web-mx\resources\CV-POM\HomePage\textos_home_page.py' does not exist.</msg>
<msg timestamp="20221007 14:01:46.555" level="ERROR">Error in file 'C:\Users\Hitss\Desktop\ATMWEB\qc-web-mx\resources\common_functionalities\variables.robot' on line 46: Variable file 'C:UsersHitssDesktopATMWEBqc-web-mx\resources\CV-POM\conocelaspromocionesPage\elementos_conocePromos.py' does not exist.</msg>
<msg timestamp="20221007 14:01:46.558" level="ERROR">Error in file 'C:\Users\Hitss\Desktop\ATMWEB\qc-web-mx\resources\common_functionalities\variables.robot' on line 47: Variable file 'C:UsersHitssDesktopATMWEBqc-web-mx\resources\CV-POM\registerPage\elementos-registerPage.py' does not exist.</msg>
<msg timestamp="20221007 14:01:46.560" level="ERROR">Error in file 'C:\Users\Hitss\Desktop\ATMWEB\qc-web-mx\resources\common_functionalities\variables.robot' on line 48: Variable file 'C:UsersHitssDesktopATMWEBqc-web-mx\resources\CV-POM\registerPage\textos-elementos-registerPage.py' does not exist.</msg>
<msg timestamp="20221007 14:01:46.563" level="ERROR">Error in file 'C:\Users\Hitss\Desktop\ATMWEB\qc-web-mx\resources\common_functionalities\variables.robot' on line 49: Variable file 'C:UsersHitssDesktopATMWEBqc-web-mx\resources\CV-POM\terminosyCondicionesPage\elementos_terminosycondiciones.py' does not exist.</msg>
<msg timestamp="20221007 14:01:46.566" level="ERROR">Error in file 'C:\Users\Hitss\Desktop\ATMWEB\qc-web-mx\resources\common_functionalities\variables.robot' on line 50: Variable file 'C:UsersHitssDesktopATMWEBqc-web-mx\resources\CV-POM\registerPage\textos-elementos-registerPage-pass.py' does not exist.</msg>
<msg timestamp="20221007 14:01:46.569" level="ERROR">Error in file 'C:\Users\Hitss\Desktop\ATMWEB\qc-web-mx\resources\common_functionalities\variables.robot' on line 51: Variable file 'C:UsersHitssDesktopATMWEBqc-web-mx\resources\CV-POM\registerPage\elementos-registerPage-pass.py' does not exist.</msg>
<msg timestamp="20221007 14:01:46.571" level="ERROR">Error in file 'C:\Users\Hitss\Desktop\ATMWEB\qc-web-mx\resources\common_functionalities\variables.robot' on line 52: Variable file 'C:UsersHitssDesktopATMWEBqc-web-mx\resources\CV-POM\profilesPage\elementos_profile_page.py' does not exist.</msg>
<msg timestamp="20221007 14:01:46.573" level="ERROR">Error in file 'C:\Users\Hitss\Desktop\ATMWEB\qc-web-mx\resources\common_functionalities\variables.robot' on line 53: Variable file 'C:UsersHitssDesktopATMWEBqc-web-mx\resources\CV-POM\HomePage\profile_menu_page.py' does not exist.</msg>
<msg timestamp="20221007 14:01:46.576" level="ERROR">Error in file 'C:\Users\Hitss\Desktop\ATMWEB\qc-web-mx\resources\common_functionalities\variables.robot' on line 54: Variable file 'C:UsersHitssDesktopATMWEBqc-web-mx\resources\CV-POM\PoliticasPrivacidadPage\politicas_de_privacidad.py' does not exist.</msg>
<msg timestamp="20221007 14:01:46.578" level="ERROR">Error in file 'C:\Users\Hitss\Desktop\ATMWEB\qc-web-mx\resources\common_functionalities\variables.robot' on line 58: Variable file 'C:UsersHitssDesktopATMWEBqc-web-mx\resources\common_functionalities\email_random.py' does not exist.</msg>
<msg timestamp="20221007 14:01:46.589" level="ERROR">Error in file 'C:\Users\Hitss\Desktop\ATMWEB\qc-web-mx\resources\common_functionalities\libraries_keywords.robot' on line 6: Library '..\..\resources\charles_proxy\charles_library.py' does not exist.</msg>
<msg timestamp="20221007 14:01:46.600" level="ERROR">Error in file 'C:\Users\Hitss\Desktop\ATMWEB\qc-web-mx\resources\common_functionalities\libraries_keywords.robot' on line 10: Importing library 'ExcelLibrary' failed: ModuleNotFoundError: No module named 'ExcelLibrary'
Traceback (most recent call last):
  None
PYTHONPATH:
  C:\Users\Hitss\AppData\Local\Programs\Python\Python39\Scripts\robot.exe
  C:\Users\Hitss\AppData\Local\Programs\Python\Python39\python39.zip
  C:\Users\Hitss\AppData\Local\Programs\Python\Python39\DLLs
  C:\Users\Hitss\AppData\Local\Programs\Python\Python39\lib
  C:\Users\Hitss\AppData\Local\Programs\Python\Python39
  C:\Users\Hitss\AppData\Local\Programs\Python\Python39\lib\site-packages</msg>
</errors>
</robot>
